<?xml version="1.0" encoding="UTF-8"?>
<!-- Generated by org.testng.reporters.JUnitReportReporter -->
<testsuite hostname="vijay" failures="0" tests="1" name="web.log" time="12.412" errors="0" timestamp="2025-05-29T19:16:57 IST" skipped="0">
  <testcase classname="web.log" name="use" time="12.412"/>
</testsuite> <!-- web.log -->
